<?xml version="1.0" encoding="UTF-8"?>
<!-- Generated by org.testng.reporters.JUnitReportReporter -->
<testsuite hostname="WKWZTGPqcgblNQo" failures="0" tests="3" name="TestRunner.TestRunner" time="4.607" errors="0" timestamp="2024-07-02T18:25:24 IST" skipped="0">
  <testcase classname="TestRunner.TestRunner" name="runScenario" time="0.793"/>
  <testcase classname="TestRunner.TestRunner" name="runScenario" time="2.813"/>
  <testcase classname="TestRunner.TestRunner" name="runScenario" time="1.001"/>
</testsuite> <!-- TestRunner.TestRunner -->
