<?xml version="1.0" encoding="UTF-8"?>
<!-- Generated by org.testng.reporters.JUnitReportReporter -->
<testsuite hostname="DESKTOP-JCFFMLF" failures="0" tests="3" name="TestRunner.TestRunner" time="7.228" errors="0" timestamp="2024-07-14T19:02:47 IST" skipped="0">
  <testcase classname="TestRunner.TestRunner" name="runScenario" time="4.598"/>
  <system-out/>
  <testcase classname="TestRunner.TestRunner" name="runScenario" time="1.435"/>
  <system-out/>
  <testcase classname="TestRunner.TestRunner" name="runScenario" time="1.195"/>
  <system-out/>
</testsuite> <!-- TestRunner.TestRunner -->
